mode: set
github.com/digibib/automathub/config.go:12.46,14.16 2 1
github.com/digibib/automathub/config.go:17.2,18.16 2 1
github.com/digibib/automathub/config.go:21.2,21.12 1 1
github.com/digibib/automathub/config.go:14.16,16.3 1 0
github.com/digibib/automathub/config.go:18.16,20.3 1 0
github.com/digibib/automathub/main.go:7.13,10.16 3 1
github.com/digibib/automathub/main.go:10.16,12.3 1 0
github.com/digibib/automathub/main.go:15.13,18.2 2 0
github.com/digibib/automathub/protocol.go:23.47,26.16 3 0
github.com/digibib/automathub/protocol.go:29.2,29.17 1 0
github.com/digibib/automathub/protocol.go:26.16,28.3 1 0
github.com/digibib/automathub/tcp.go:18.28,20.16 2 1
github.com/digibib/automathub/tcp.go:23.2,27.6 3 1
github.com/digibib/automathub/tcp.go:20.16,22.3 1 0
github.com/digibib/automathub/tcp.go:27.6,29.17 2 1
github.com/digibib/automathub/tcp.go:33.3,33.32 1 1
github.com/digibib/automathub/tcp.go:29.17,31.12 2 0
github.com/digibib/automathub/tcp.go:37.43,44.2 1 1
github.com/digibib/automathub/tcp.go:46.39,48.6 2 1
github.com/digibib/automathub/tcp.go:48.6,49.10 1 1
github.com/digibib/automathub/tcp.go:50.3,51.67 1 0
github.com/digibib/automathub/tcp.go:52.3,55.35 3 1
github.com/digibib/automathub/tcp.go:56.3,58.40 2 0
github.com/digibib/automathub/tcp.go:63.51,71.15 4 1
github.com/digibib/automathub/tcp.go:75.2,76.15 2 1
github.com/digibib/automathub/tcp.go:71.15,73.3 1 0
github.com/digibib/automathub/tcp.go:86.42,94.2 2 1
github.com/digibib/automathub/tcp.go:96.33,97.6 1 1
github.com/digibib/automathub/tcp.go:97.6,99.17 2 1
github.com/digibib/automathub/tcp.go:103.3,103.96 1 0
github.com/digibib/automathub/tcp.go:99.17,101.4 1 0
github.com/digibib/automathub/tcp.go:107.34,108.35 1 1
github.com/digibib/automathub/tcp.go:108.35,110.17 2 1
github.com/digibib/automathub/tcp.go:114.3,116.17 3 1
github.com/digibib/automathub/tcp.go:110.17,113.4 2 0
github.com/digibib/automathub/tcp.go:116.17,119.4 2 0
